<?xml version="1.0" encoding="UTF-8"?>
<testng-results ignored="0" total="3" passed="3" failed="0" skipped="0">
  <reporter-output>
  </reporter-output>
  <suite started-at="2023-11-23T23:57:42 EET" name="Default Suite" finished-at="2023-11-23T23:57:43 EET" duration-ms="47">
    <groups>
    </groups>
    <test started-at="2023-11-23T23:57:42 EET" name="example" finished-at="2023-11-23T23:57:43 EET" duration-ms="47">
      <class name="testgroup.TestClass">
        <test-method signature="setup()[pri:1, instance:testgroup.TestClass@1a38c59b]" started-at="2023-11-23T23:57:43 EET" name="setup" finished-at="2023-11-23T23:57:43 EET" duration-ms="16" status="PASS">
          <reporter-output>
          </reporter-output>
        </test-method> <!-- setup -->
        <test-method signature="testLast()[pri:3, instance:testgroup.TestClass@1a38c59b]" started-at="2023-11-23T23:57:43 EET" name="testLast" finished-at="2023-11-23T23:57:43 EET" duration-ms="0" status="PASS">
          <reporter-output>
          </reporter-output>
        </test-method> <!-- testLast -->
        <test-method signature="testSteps()[pri:2, instance:testgroup.TestClass@1a38c59b]" started-at="2023-11-23T23:57:43 EET" name="testSteps" finished-at="2023-11-23T23:57:43 EET" duration-ms="0" status="PASS">
          <reporter-output>
          </reporter-output>
        </test-method> <!-- testSteps -->
      </class> <!-- testgroup.TestClass -->
    </test> <!-- example -->
  </suite> <!-- Default Suite -->
</testng-results>
